Arguments: 
  /usr/bin/node /usr/share/yarn/bin/yarn.js add moment

PATH: 
  /usr/local/sbin:/usr/local/bin:/usr/sbin:/usr/bin:/sbin:/bin:/usr/games:/usr/local/games:/snap/bin:/home/mateus/Android/Sdk/tools:/home/mateus/Android/Sdk/platform-tools:/home/mateus/Android/Sdk/tools:/home/mateus/Android/Sdk/platform-tools:/home/mateus/Android/Sdk/tools:/home/mateus/Android/Sdk/platform-tools

Yarn version: 
  1.16.0

Node version: 
  11.15.0

Platform: 
  linux x64

Trace: 
  Error: EACCES: permission denied, mkdir '/home/mateus/Documentos/Sistema-Supermecado/APISupermecado/node_modules/eslint/node_modules/debug'

npm manifest: 
  {
    "name": "adonis-api-app",
    "version": "4.1.0",
    "adonis-version": "4.1.0",
    "description": "Adonisjs boilerplate for API server with pre-configured JWT",
    "main": "index.js",
    "scripts": {
      "start": "node server.js",
      "test": "node ace test"
    },
    "keywords": [
      "adonisjs",
      "adonis-app"
    ],
    "author": "",
    "license": "UNLICENSED",
    "private": true,
    "dependencies": {
      "@adonisjs/ace": "^5.0.8",
      "@adonisjs/auth": "^3.0.7",
      "@adonisjs/bodyparser": "^2.0.5",
      "@adonisjs/cors": "^1.0.7",
      "@adonisjs/fold": "^4.0.9",
      "@adonisjs/framework": "^5.0.9",
      "@adonisjs/ignitor": "^2.0.8",
      "@adonisjs/lucid": "^6.1.3",
      "pg": "^7.11.0"
    },
    "devDependencies": {
      "eslint": "^6.0.1",
      "eslint-config-airbnb-base": "^13.1.0",
      "eslint-config-standard": "^12.0.0",
      "eslint-plugin-import": "^2.18.0",
      "eslint-plugin-node": "^9.1.0",
      "eslint-plugin-promise": "^4.2.1",
      "eslint-plugin-standard": "^4.0.0"
    },
    "autoload": {
      "App": "./app"
    }
  }

yarn manifest: 
  No manifest

Lockfile: 
  No lockfile
